<?xml version="1.0" encoding="UTF-8"?>
<!-- Generated by org.testng.reporters.JUnitReportReporter -->
<testsuite hostname="Swift-2.local" name="evr.test.Regression.T1534977" tests="1" failures="0" timestamp="23 Sep 2014 05:54:40 GMT" time="65.943" errors="0">
  <testcase name="T1534977" time="65.943" classname="evr.test.Regression.T1534977"/>
</testsuite> <!-- evr.test.Regression.T1534977 -->
