<?xml version="1.0" encoding="UTF-8"?>
<!-- Generated by org.testng.reporters.JUnitReportReporter -->
<testsuite hostname="Swift-2.local" name="evr.test.Regression.T1534957" tests="1" failures="0" timestamp="24 Sep 2014 07:10:10 GMT" time="19.193" errors="0">
  <testcase name="T1534957" time="19.193" classname="evr.test.Regression.T1534957"/>
</testsuite> <!-- evr.test.Regression.T1534957 -->
