<?xml version="1.0" encoding="UTF-8"?>
<!-- Generated by org.testng.reporters.JUnitReportReporter -->
<testsuite hostname="Swift-2.local" name="evr.test.Regression.T1534963" tests="1" failures="0" timestamp="23 Sep 2014 05:47:10 GMT" time="16.693" errors="0">
  <testcase name="T1534963" time="16.693" classname="evr.test.Regression.T1534963"/>
</testsuite> <!-- evr.test.Regression.T1534963 -->
