<?xml version="1.0" encoding="UTF-8"?>
<!-- Generated by org.testng.reporters.JUnitReportReporter -->
<testsuite hostname="Swift-2.local" name="evr.test.Regression.T1534964" tests="2" failures="0" timestamp="23 Sep 2014 05:43:34 GMT" time="86.627" errors="0">
  <testcase name="T1534964" time="42.822" classname="evr.test.Regression.T1534964"/>
  <testcase name="T1534964" time="43.805" classname="evr.test.Regression.T1534964"/>
</testsuite> <!-- evr.test.Regression.T1534964 -->
