<?xml version="1.0" encoding="UTF-8"?>
<!-- Generated by org.testng.reporters.JUnitReportReporter -->
<testsuite hostname="Swift-2.local" name="evr.test.Regression.T1534958" tests="1" failures="0" timestamp="24 Sep 2014 08:54:51 GMT" time="16.356" errors="0">
  <testcase name="T1534958" time="16.356" classname="evr.test.Regression.T1534958"/>
</testsuite> <!-- evr.test.Regression.T1534958 -->
