<?xml version="1.0" encoding="UTF-8"?>
<!-- Generated by org.testng.reporters.JUnitReportReporter -->
<testsuite hostname="Swift-2.local" name="evr.test.Regression.T1534937" tests="1" failures="0" timestamp="23 Sep 2014 02:58:26 GMT" time="137.353" errors="0">
  <testcase name="T1534937" time="137.353" classname="evr.test.Regression.T1534937"/>
</testsuite> <!-- evr.test.Regression.T1534937 -->
