<?xml version="1.0" encoding="UTF-8"?>
<!-- Generated by org.testng.reporters.JUnitReportReporter -->
<testsuite hostname="Swift-2.local" name="evr.test.Regression.T1535015" tests="1" failures="0" timestamp="24 Sep 2014 08:18:20 GMT" time="16.971" errors="0">
  <testcase name="T1535015" time="16.971" classname="evr.test.Regression.T1535015"/>
</testsuite> <!-- evr.test.Regression.T1535015 -->
