<?xml version="1.0" encoding="UTF-8"?>
<!-- Generated by org.testng.reporters.JUnitReportReporter -->
<testsuite hostname="Warbler.local" name="myrp.Smoketest.signupSmoketest" tests="1" failures="0" timestamp="20 Oct 2014 01:50:43 GMT" time="13.791" errors="0">
  <testcase name="T1534935" time="13.791" classname="myrp.Smoketest.signupSmoketest"/>
</testsuite> <!-- myrp.Smoketest.signupSmoketest -->
