<?xml version="1.0" encoding="UTF-8"?>
<!-- Generated by org.testng.reporters.JUnitReportReporter -->
<testsuite hostname="Swift-2.local" name="evr.test.Regression.T1535041" tests="1" failures="0" timestamp="24 Sep 2014 15:26:45 GMT" time="161.265" errors="0">
  <testcase name="T1535041" time="161.265" classname="evr.test.Regression.T1535041"/>
</testsuite> <!-- evr.test.Regression.T1535041 -->
