<?xml version="1.0" encoding="UTF-8"?>
<!-- Generated by org.testng.reporters.JUnitReportReporter -->
<testsuite hostname="Swift-2.local" name="myrp.test.Regression.RT_07810" tests="1" failures="0" timestamp="20 Oct 2014 02:21:35 GMT" time="1592.086" errors="0">
  <testcase name="RT_07810" time="1592.086" classname="myrp.test.Regression.RT_07810"/>
</testsuite> <!-- myrp.test.Regression.RT_07810 -->
