<?xml version="1.0" encoding="UTF-8"?>
<!-- Generated by org.testng.reporters.JUnitReportReporter -->
<testsuite hostname="Swift-2.local" name="evr.test.Regression.T1535028" tests="1" failures="0" timestamp="24 Sep 2014 03:05:55 GMT" time="31.255" errors="0">
  <testcase name="T1535028" time="31.255" classname="evr.test.Regression.T1535028"/>
</testsuite> <!-- evr.test.Regression.T1535028 -->
