<?xml version="1.0" encoding="UTF-8"?>
<!-- Generated by org.testng.reporters.JUnitReportReporter -->
<testsuite hostname="Swift-2.local" name="evr.test.Regression.T1534962" tests="1" failures="0" timestamp="23 Sep 2014 05:12:51 GMT" time="44.631" errors="0">
  <testcase name="T1534962" time="44.631" classname="evr.test.Regression.T1534962"/>
</testsuite> <!-- evr.test.Regression.T1534962 -->
