<?xml version="1.0" encoding="UTF-8"?>
<!-- Generated by org.testng.reporters.JUnitReportReporter -->
<testsuite hostname="Swift-2.local" name="evr.test.Regression.T1534990" tests="1" failures="0" timestamp="24 Sep 2014 02:20:54 GMT" time="168.845" errors="0">
  <testcase name="T1534990" time="168.845" classname="evr.test.Regression.T1534990"/>
</testsuite> <!-- evr.test.Regression.T1534990 -->
