<?xml version="1.0" encoding="UTF-8"?>
<!-- Generated by org.testng.reporters.JUnitReportReporter -->
<testsuite hostname="Warbler.local" name="pv.Smoketest.Login_Test" tests="1" failures="0" timestamp="7 Jul 2015 03:36:39 GMT" time="52.731" errors="0">
  <testcase name="headerZone" time="52.731" classname="pv.Smoketest.Login_Test"/>
</testsuite> <!-- pv.Smoketest.Login_Test -->
