<?xml version="1.0" encoding="UTF-8"?>
<!-- Generated by org.testng.reporters.JUnitReportReporter -->
<testsuite hostname="Swift-2.local" name="evr.test.Regression.T1534944" tests="1" failures="0" timestamp="24 Sep 2014 05:55:31 GMT" time="47.901" errors="0">
  <testcase name="T1534944" time="47.901" classname="evr.test.Regression.T1534944"/>
</testsuite> <!-- evr.test.Regression.T1534944 -->
