<?xml version="1.0" encoding="UTF-8"?>
<!-- Generated by org.testng.reporters.JUnitReportReporter -->
<testsuite hostname="Swift.local" name="evr.test.AddressChange" tests="2" failures="0" timestamp="2 Sep 2014 05:02:11 GMT" time="49.961" errors="0">
  <testcase name="addressChange" time="14.949" classname="evr.test.AddressChange"/>
  <testcase name="addressChange" time="35.012" classname="evr.test.AddressChange"/>
</testsuite> <!-- evr.test.AddressChange -->
